#-----------------------------------------------------------
# xsim v2022.2 (64-bit)
# SW Build 3671981 on Fri Oct 14 05:00:03 MDT 2022
# IP Build 3669848 on Fri Oct 14 08:30:02 MDT 2022
# Start of session at: Sun Jun  7 17:14:23 2026
# Process ID: 21464
# Current directory: D:/1_FPGA/1_SoC_Course/soc_sha256/20_vivado_sim
# Command line: xsim.exe -mode tcl -source {xsim.dir/sha256_core_tb_snapshot/xsim_script.tcl}
# Log file: D:/1_FPGA/1_SoC_Course/soc_sha256/20_vivado_sim/xsim.log
# Journal file: D:/1_FPGA/1_SoC_Course/soc_sha256/20_vivado_sim\xsim.jou
# Running On: Pineapple, OS: Windows, CPU Frequency: 2592 MHz, CPU Physical cores: 2, Host memory: 8476 MB
#-----------------------------------------------------------
source xsim.dir/sha256_core_tb_snapshot/xsim_script.tcl
# xsim {sha256_core_tb_snapshot} -autoloadwcfg -tclbatch {xsim_cfg.tcl}
Time resolution is 1 ps
source xsim_cfg.tcl
## log_wave -recursive *
## run all
==============================================
 Start SHA256 file-based test 
==============================================
CPU Write LOAD FLAG => Starting to load 521 bit message to MSG MEMORY
CPU Write START FLAG => Starting to load data to SHA256 and calculate HASH256
[FAIL] TC=x IDX=16 ACT=0000000X EXP=ed878761
[FAIL] TC=x IDX=16 ACT=0000000X EXP=fb060ed7
[FAIL] TC=x IDX=16 ACT=0000000X EXP=c836149b
[FAIL] TC=x IDX=16 ACT=0000000X EXP=eeda722c
[FAIL] TC=x IDX=16 ACT=0000000X EXP=3d0e5a7d
[FAIL] TC=x IDX=16 ACT=0000000X EXP=6dc0cd6a
[FAIL] TC=x IDX=16 ACT=0000000X EXP=3bd92a2d
[FAIL] TC=x IDX=16 ACT=0000000X EXP=46a6f72f
==============================================
 TEST DONE
 PASS = 0
 FAIL = 8
==============================================
RESULT: TEST FAILED
$finish called at time : 1335 ns : File "D:/1_FPGA/1_SoC_Course/soc_sha256/01_tb/sha256_core_tb.v" Line 236
## exit
INFO: [Common 17-206] Exiting xsim at Sun Jun  7 17:14:25 2026...
