#-----------------------------------------------------------
# xsim v2022.2 (64-bit)
# SW Build 3671981 on Fri Oct 14 05:00:03 MDT 2022
# IP Build 3669848 on Fri Oct 14 08:30:02 MDT 2022
# Start of session at: Mon Jun 15 17:37:11 2026
# Process ID: 7436
# Current directory: C:/Users/Apple/Desktop/Pine_Apple/SoC/final_project/soc_sha256/20_vivado_sim
# Command line: xsim.exe -mode tcl -source {xsim.dir/sha256_core_tb_snapshot/xsim_script.tcl}
# Log file: C:/Users/Apple/Desktop/Pine_Apple/SoC/final_project/soc_sha256/20_vivado_sim/xsim.log
# Journal file: C:/Users/Apple/Desktop/Pine_Apple/SoC/final_project/soc_sha256/20_vivado_sim\xsim.jou
# Running On: DESKTOP-6BT0HJ2, OS: Windows, CPU Frequency: 2904 MHz, CPU Physical cores: 2, Host memory: 16765 MB
#-----------------------------------------------------------
source xsim.dir/sha256_core_tb_snapshot/xsim_script.tcl
# xsim {sha256_core_tb_snapshot} -autoloadwcfg -tclbatch {xsim_cfg.tcl}
Time resolution is 1 ps
source xsim_cfg.tcl
## log_wave -recursive *
## run all
==============================================
 Start SHA256 file-based test 
==============================================
CPU Write LOAD FLAG => Starting to load 521 bit message to MSG MEMORY
CPU Write START FLAG => Starting to load data to SHA256 and calculate HASH256
[FAIL] TC=x IDX=16 ACT=XXXXXXX1 EXP=ed878761
[FAIL] TC=x IDX=16 ACT=xX0X0XXX EXP=fb060ed7
[FAIL] TC=x IDX=16 ACT=XXXXXXXX EXP=c836149b
[FAIL] TC=x IDX=16 ACT=XXXXXXXX EXP=eeda722c
[FAIL] TC=x IDX=16 ACT=XX0XXXXX EXP=3d0e5a7d
[FAIL] TC=x IDX=16 ACT=XXX0XXXX EXP=6dc0cd6a
[FAIL] TC=x IDX=16 ACT=XXXXXXXX EXP=3bd92a2d
[FAIL] TC=x IDX=16 ACT=XXXXxXXX EXP=46a6f72f
==============================================
 TEST DONE
 PASS = 0
 FAIL = 8
==============================================
RESULT: TEST FAILED
$finish called at time : 1335 ns : File "C:/Users/Apple/Desktop/Pine_Apple/SoC/final_project/soc_sha256/01_tb/sha256_core_tb.v" Line 236
## exit
INFO: [Common 17-206] Exiting xsim at Mon Jun 15 17:37:13 2026...
